added manifest
adding: a12/(in = 0) (out= 0)(stored 0%)
adding: a12/A12$1.class(in = 927) (out= 518)(deflated 44%)
adding: a12/A12.class(in = 9459) (out= 4809)(deflated 49%)
adding: a12/Data.class(in = 771) (out= 402)(deflated 47%)
adding: A12-jar.err(in = 0) (out= 0)(stored 0%)
adding: A12-jar.out(in = 286) (out= 137)(deflated 52%)
adding: images/(in = 0) (out= 0)(stored 0%)
adding: images/game.png(in = 301444) (out= 300842)(deflated 0%)
adding: images/gameabout.png(in = 311368) (out= 310694)(deflated 0%)
adding: images/gamecfg.png(in = 301444) (out= 300842)(deflated 0%)
adding: images/gameend.png(in = 271949) (out= 271190)(deflated 0%)
adding: images/gameerr.png(in = 274465) (out= 273673)(deflated 0%)
adding: images/gamelogo.png(in = 8626) (out= 8631)(deflated 0%)
adding: images/gamewinner.png(in = 274368) (out= 273569)(deflated 0%)
adding: images/iconabt.png(in = 1401) (out= 1380)(deflated 1%)
adding: images/iconcol.png(in = 960) (out= 927)(deflated 3%)
adding: images/iconext.png(in = 1101) (out= 1076)(deflated 2%)
adding: images/iconnew.png(in = 1390) (out= 1374)(deflated 1%)
adding: images/iconsol.png(in = 1372) (out= 1353)(deflated 1%)
