Loading source files for package a12...
Constructing Javadoc information...
Standard Doclet version 11.0.13
Building tree for all the packages and classes...
Generating doc\a12\A12.html...
Generating doc\a12\A12.Controller.html...
Generating doc\a12\A12.splashWindow.html...
Generating doc\a12\package-summary.html...
Generating doc\a12\package-tree.html...
Generating doc\constant-values.html...
Building index for all the packages and classes...
Generating doc\overview-tree.html...
Generating doc\index-all.html...
Building index for all classes...
Generating doc\allclasses-index.html...
Generating doc\allpackages-index.html...
Generating doc\deprecated-list.html...
Building index for all classes...
Generating doc\allclasses.html...
Generating doc\allclasses.html...
Generating doc\index.html...
Generating doc\help-doc.html...
